<?xml version="1.0" encoding="UTF-8"?>
<testng-results skipped="0" failed="0" ignored="0" total="1" passed="1">
  <reporter-output>
  </reporter-output>
  <suite name="Default suite" duration-ms="5461" started-at="2020-05-06T01:10:02Z" finished-at="2020-05-06T01:10:07Z">
    <groups>
    </groups>
    <test name="Default test" duration-ms="5461" started-at="2020-05-06T01:10:02Z" finished-at="2020-05-06T01:10:07Z">
      <class name="Automation.ValidateLoginFunctionalityTest">
        <test-method status="PASS" signature="loginTest()[pri:0, instance:Automation.ValidateLoginFunctionalityTest@3da30852]" name="loginTest" duration-ms="5416" started-at="2020-05-06T01:10:02Z" finished-at="2020-05-06T01:10:07Z">
          <reporter-output>
          </reporter-output>
        </test-method> <!-- loginTest -->
      </class> <!-- Automation.ValidateLoginFunctionalityTest -->
    </test> <!-- Default test -->
  </suite> <!-- Default suite -->
</testng-results>
